
Collecting usage statistics. To deactivate, set browser.gatherUsageStats to false.

2026-05-05 15:29:47.444 Uvicorn server started on 0.0.0.0:8503

  You can now view your Streamlit app in your browser.

  Local URL: http://localhost:8503
  Network URL: http://192.168.0.2:8503
  External URL: http://34.27.142.64:8503

[31m──[0m[31m────────────────────────[0m[31m [0m[1;31mTraceback [0m[1;2;31m(most recent call last)[0m[31m [0m[31m─────────────────────────[0m[31m──[0m
[31m [0m [2m/home/jules/.pyenv/versions/3.12.13/lib/python3.12/site-packages/streamlit/runtime/s[0m [31m [0m
[31m [0m [2mcriptrunner/[0m[1mexec_code.py[0m:129 in exec_func_with_error_handling                        [31m [0m
[31m [0m                                                                                      [31m [0m
[31m [0m [2m/home/jules/.pyenv/versions/3.12.13/lib/python3.12/site-packages/streamlit/runtime/s[0m [31m [0m
[31m [0m [2mcriptrunner/[0m[1mscript_runner.py[0m:689 in code_to_exec                                     [31m [0m
[31m [0m                                                                                      [31m [0m
[31m [0m [2m/app/[0m[1morchestrator.py[0m:10 in <module>                                                  [31m [0m
[31m [0m                                                                                      [31m [0m
[31m [0m   [2m  7 [0m[94mimport[0m[90m [0m[4;96mjwt[0m                                                                     [31m [0m
[31m [0m   [2m  8 [0m[94mimport[0m[90m [0m[4;96masyncio[0m                                                                 [31m [0m
[31m [0m   [2m  9 [0m[94mimport[0m[90m [0m[4;96mhttpx[0m                                                                   [31m [0m
[31m [0m [31m❱ [0m 10 [1;4;94mimport[0m[1;4;90m [0m[1;4;96mchromadb[0m                                                                [31m [0m
[31m [0m   [2m 11 [0m[94mimport[0m[90m [0m[4;96mstreamlit[0m[4;96m.[0m[4;96mcomponents[0m[4;96m.[0m[4;96mv1[0m[90m [0m[94mas[0m[90m [0m[4;96mcomponents[0m                                   [31m [0m
[31m [0m   [2m 12 [0m[94mfrom[0m[90m [0m[4;96mgoogle[0m[90m [0m[94mimport[0m genai                                                       [31m [0m
[31m [0m   [2m 13 [0m[94mfrom[0m[90m [0m[4;96mdotenv[0m[90m [0m[94mimport[0m load_dotenv                                                 [31m [0m
[31m [0m                                                                                      [31m [0m
[31m [0m [2m/home/jules/.pyenv/versions/3.12.13/lib/python3.12/site-packages/chromadb/[0m[1m__init__.p[0m [31m [0m
[31m [0m [1my[0m:11 in <module>                                                                     [31m [0m
[31m [0m                                                                                      [31m [0m
[31m [0m   [2m  8 [0m[2m│   [0mAdminClient [94mas[0m AdminClientCreator,                                         [31m [0m
[31m [0m   [2m  9 [0m)                                                                              [31m [0m
[31m [0m   [2m 10 [0m[94mfrom[0m[90m [0m[4;96mchromadb[0m[4;96m.[0m[4;96mapi[0m[4;96m.[0m[4;96masync_client[0m[90m [0m[94mimport[0m AsyncClient [94mas[0m AsyncClientCreator        [31m [0m
[31m [0m [31m❱ [0m 11 [1;4;94mfrom[0m[1;4;90m [0m[1;4;96mchromadb[0m[1;4;96m.[0m[1;4;96mauth[0m[1;4;96m.[0m[1;4;96mtoken_authn[0m[1;4;90m [0m[1;4;94mimport[0m[1;4m TokenTransportHeader[0m                     [31m [0m
[31m [0m   [2m 12 [0m[94mimport[0m[90m [0m[4;96mchromadb[0m[4;96m.[0m[4;96mconfig[0m                                                         [31m [0m
[31m [0m   [2m 13 [0m[94mfrom[0m[90m [0m[4;96mchromadb[0m[4;96m.[0m[4;96mconfig[0m[90m [0m[94mimport[0m DEFAULT_DATABASE, DEFAULT_TENANT, Settings         [31m [0m
[31m [0m   [2m 14 [0m[94mfrom[0m[90m [0m[4;96mchromadb[0m[4;96m.[0m[4;96mapi[0m[90m [0m[94mimport[0m AdminAPI, AsyncClientAPI, ClientAPI                   [31m [0m
[31m [0m                                                                                      [31m [0m
[31m [0m [2m/home/jules/.pyenv/versions/3.12.13/lib/python3.12/site-packages/chromadb/auth/token[0m [31m [0m
[31m [0m [2m_authn/[0m[1m__init__.py[0m:24 in <module>                                                    [31m [0m
[31m [0m                                                                                      [31m [0m
[31m [0m   [2m 21 [0m)                                                                              [31m [0m
[31m [0m   [2m 22 [0m[94mfrom[0m[90m [0m[4;96mchromadb[0m[4;96m.[0m[4;96mconfig[0m[90m [0m[94mimport[0m System                                             [31m [0m
[31m [0m   [2m 23 [0m[94mfrom[0m[90m [0m[4;96mchromadb[0m[4;96m.[0m[4;96merrors[0m[90m [0m[94mimport[0m ChromaAuthError                                    [31m [0m
[31m [0m [31m❱ [0m 24 [1;4;94mfrom[0m[1;4;90m [0m[1;4;96mchromadb[0m[1;4;96m.[0m[1;4;96mtelemetry[0m[1;4;96m.[0m[1;4;96mopentelemetry[0m[1;4;90m [0m[1;4;94mimport[0m[1;4m ([0m                                 [31m [0m
[31m [0m   [2m 25 [0m[2m│   [0m[1;4mOpenTelemetryGranularity,[0m                                                  [31m [0m
[31m [0m   [2m 26 [0m[2m│   [0m[1;4mtrace_method,[0m                                                              [31m [0m
[31m [0m   [2m 27 [0m[1;4m)[0m                                                                              [31m [0m
[31m [0m                                                                                      [31m [0m
[31m [0m [2m/home/jules/.pyenv/versions/3.12.13/lib/python3.12/site-packages/chromadb/telemetry/[0m [31m [0m
[31m [0m [2mopentelemetry/[0m[1m__init__.py[0m:13 in <module>                                             [31m [0m
[31m [0m                                                                                      [31m [0m
[31m [0m   [2m 10 [0m[94mfrom[0m[90m [0m[4;96mopentelemetry[0m[4;96m.[0m[4;96msdk[0m[4;96m.[0m[4;96mtrace[0m[4;96m.[0m[4;96mexport[0m[90m [0m[94mimport[0m (                                   [31m [0m
[31m [0m   [2m 11 [0m[2m│   [0mBatchSpanProcessor,                                                        [31m [0m
[31m [0m   [2m 12 [0m)                                                                              [31m [0m
[31m [0m [31m❱ [0m 13 [1;4;94mfrom[0m[1;4;90m [0m[1;4;96mopentelemetry[0m[1;4;96m.[0m[1;4;96mexporter[0m[1;4;96m.[0m[1;4;96motlp[0m[1;4;96m.[0m[1;4;96mproto[0m[1;4;96m.[0m[1;4;96mgrpc[0m[1;4;96m.[0m[1;4;96mtrace_exporter[0m[1;4;90m [0m[1;4;94mimport[0m[1;4m OTLPSpanExpo[0m [31m [0m
[31m [0m   [2m 14 [0m                                                                               [31m [0m
[31m [0m   [2m 15 [0m[94mfrom[0m[90m [0m[4;96mchromadb[0m[4;96m.[0m[4;96mconfig[0m[90m [0m[94mimport[0m Component                                          [31m [0m
[31m [0m   [2m 16 [0m[94mfrom[0m[90m [0m[4;96mchromadb[0m[4;96m.[0m[4;96mconfig[0m[90m [0m[94mimport[0m System                                             [31m [0m
[31m [0m                                                                                      [31m [0m
[31m [0m [2m/home/jules/.pyenv/versions/3.12.13/lib/python3.12/site-packages/opentelemetry/expor[0m [31m [0m
[31m [0m [2mter/otlp/proto/grpc/trace_exporter/[0m[1m__init__.py[0m:25 in <module>                        [31m [0m
[31m [0m                                                                                      [31m [0m
[31m [0m   [2m 22 [0m[94mfrom[0m[90m [0m[4;96mopentelemetry[0m[4;96m.[0m[4;96mexporter[0m[4;96m.[0m[4;96motlp[0m[4;96m.[0m[4;96mproto[0m[4;96m.[0m[4;96mcommon[0m[4;96m.[0m[4;96mtrace_encoder[0m[90m [0m[94mimport[0m (           [31m [0m
[31m [0m   [2m 23 [0m[2m│   [0mencode_spans,                                                              [31m [0m
[31m [0m   [2m 24 [0m)                                                                              [31m [0m
[31m [0m [31m❱ [0m 25 [1;4;94mfrom[0m[1;4;90m [0m[1;4;96mopentelemetry[0m[1;4;96m.[0m[1;4;96mexporter[0m[1;4;96m.[0m[1;4;96motlp[0m[1;4;96m.[0m[1;4;96mproto[0m[1;4;96m.[0m[1;4;96mgrpc[0m[1;4;96m.[0m[1;4;96mexporter[0m[1;4;90m [0m[1;4;94mimport[0m[1;4m (  [0m[1;2;4m# noqa: F401[0m    [31m [0m
[31m [0m   [2m 26 [0m[2m│   [0m[1;4mOTLPExporterMixin,[0m                                                         [31m [0m
[31m [0m   [2m 27 [0m[2m│   [0m[1;4m_get_credentials,[0m                                                          [31m [0m
[31m [0m   [2m 28 [0m[2m│   [0m[1;4menviron_to_compression,[0m                                                    [31m [0m
[31m [0m                                                                                      [31m [0m
[31m [0m [2m/home/jules/.pyenv/versions/3.12.13/lib/python3.12/site-packages/opentelemetry/expor[0m [31m [0m
[31m [0m [2mter/otlp/proto/grpc/[0m[1mexporter.py[0m:89 in <module>                                       [31m [0m
[31m [0m                                                                                      [31m [0m
[31m [0m   [2m 86 [0m[2m│   [0mKeyValue,                                                                  [31m [0m
[31m [0m   [2m 87 [0m)                                                                              [31m [0m
[31m [0m   [2m 88 [0m[94mfrom[0m[90m [0m[4;96mopentelemetry[0m[4;96m.[0m[4;96mproto[0m[4;96m.[0m[4;96mresource[0m[4;96m.[0m[4;96mv1[0m[4;96m.[0m[4;96mresource_pb2[0m[90m [0m[94mimport[0m Resource  [2m# noqa: F40[0m [31m [0m
[31m [0m [31m❱ [0m 89 [1;4;94mfrom[0m[1;4;90m [0m[1;4;96mopentelemetry[0m[1;4;96m.[0m[1;4;96msdk[0m[1;4;96m.[0m[1;4;96m_logs[0m[1;4;90m [0m[1;4;94mimport[0m[1;4m ReadableLogRecord[0m                          [31m [0m
[31m [0m   [2m 90 [0m[94mfrom[0m[90m [0m[4;96mopentelemetry[0m[4;96m.[0m[4;96msdk[0m[4;96m.[0m[4;96m_logs[0m[4;96m.[0m[4;96mexport[0m[90m [0m[94mimport[0m LogRecordExportResult               [31m [0m
[31m [0m   [2m 91 [0m[94mfrom[0m[90m [0m[4;96mopentelemetry[0m[4;96m.[0m[4;96msdk[0m[4;96m.[0m[4;96m_shared_internal[0m[90m [0m[94mimport[0m DuplicateFilter                 [31m [0m
[31m [0m   [2m 92 [0m[94mfrom[0m[90m [0m[4;96mopentelemetry[0m[4;96m.[0m[4;96msdk[0m[4;96m.[0m[4;96menvironment_variables[0m[90m [0m[94mimport[0m (                          [31m [0m
[31m────────────────────────────────────────────────────────────────────────────────────────[0m
[1;91mImportError: [0mcannot import name [32m'ReadableLogRecord'[0m from [32m'opentelemetry.sdk._logs'[0m
[1m([0m[35m/home/jules/.pyenv/versions/3.12.13/lib/python3.12/site-packages/opentelemetry/sdk/_log[0m
[35ms/[0m[95m__init__.py[0m[1m)[0m
